Determining if the pthread_create exist failed with the following output:
Change Dir: /home/charris/introrobotics/turtlebot-gt-2018/src/harris_chase_object/cmake-build-debug/CMakeFiles/CMakeTmp

Run Build Command:"/usr/bin/make" "cmTC_ee980/fast"
/usr/bin/make -f CMakeFiles/cmTC_ee980.dir/build.make CMakeFiles/cmTC_ee980.dir/build
make[1]: Entering directory '/home/charris/introrobotics/turtlebot-gt-2018/src/harris_chase_object/cmake-build-debug/CMakeFiles/CMakeTmp'
Building C object CMakeFiles/cmTC_ee980.dir/CheckSymbolExists.c.o
/usr/bin/cc     -o CMakeFiles/cmTC_ee980.dir/CheckSymbolExists.c.o   -c /home/charris/introrobotics/turtlebot-gt-2018/src/harris_chase_object/cmake-build-debug/CMakeFiles/CMakeTmp/CheckSymbolExists.c
Linking C executable cmTC_ee980
/usr/bin/cmake -E cmake_link_script CMakeFiles/cmTC_ee980.dir/link.txt --verbose=1
/usr/bin/cc       CMakeFiles/cmTC_ee980.dir/CheckSymbolExists.c.o  -o cmTC_ee980 -rdynamic 
CMakeFiles/cmTC_ee980.dir/CheckSymbolExists.c.o: In function `main':
CheckSymbolExists.c:(.text+0x16): undefined reference to `pthread_create'
collect2: error: ld returned 1 exit status
CMakeFiles/cmTC_ee980.dir/build.make:97: recipe for target 'cmTC_ee980' failed
make[1]: *** [cmTC_ee980] Error 1
make[1]: Leaving directory '/home/charris/introrobotics/turtlebot-gt-2018/src/harris_chase_object/cmake-build-debug/CMakeFiles/CMakeTmp'
Makefile:126: recipe for target 'cmTC_ee980/fast' failed
make: *** [cmTC_ee980/fast] Error 2

File /home/charris/introrobotics/turtlebot-gt-2018/src/harris_chase_object/cmake-build-debug/CMakeFiles/CMakeTmp/CheckSymbolExists.c:
/* */
#include <pthread.h>

int main(int argc, char** argv)
{
  (void)argv;
#ifndef pthread_create
  return ((int*)(&pthread_create))[argc];
#else
  (void)argc;
  return 0;
#endif
}

Determining if the function pthread_create exists in the pthreads failed with the following output:
Change Dir: /home/charris/introrobotics/turtlebot-gt-2018/src/harris_chase_object/cmake-build-debug/CMakeFiles/CMakeTmp

Run Build Command:"/usr/bin/make" "cmTC_b64ba/fast"
/usr/bin/make -f CMakeFiles/cmTC_b64ba.dir/build.make CMakeFiles/cmTC_b64ba.dir/build
make[1]: Entering directory '/home/charris/introrobotics/turtlebot-gt-2018/src/harris_chase_object/cmake-build-debug/CMakeFiles/CMakeTmp'
Building C object CMakeFiles/cmTC_b64ba.dir/CheckFunctionExists.c.o
/usr/bin/cc    -DCHECK_FUNCTION_EXISTS=pthread_create   -o CMakeFiles/cmTC_b64ba.dir/CheckFunctionExists.c.o   -c /usr/share/cmake-3.5/Modules/CheckFunctionExists.c
Linking C executable cmTC_b64ba
/usr/bin/cmake -E cmake_link_script CMakeFiles/cmTC_b64ba.dir/link.txt --verbose=1
/usr/bin/cc   -DCHECK_FUNCTION_EXISTS=pthread_create    CMakeFiles/cmTC_b64ba.dir/CheckFunctionExists.c.o  -o cmTC_b64ba -rdynamic -lpthreads 
/usr/bin/ld: cannot find -lpthreads
collect2: error: ld returned 1 exit status
CMakeFiles/cmTC_b64ba.dir/build.make:97: recipe for target 'cmTC_b64ba' failed
make[1]: *** [cmTC_b64ba] Error 1
make[1]: Leaving directory '/home/charris/introrobotics/turtlebot-gt-2018/src/harris_chase_object/cmake-build-debug/CMakeFiles/CMakeTmp'
Makefile:126: recipe for target 'cmTC_b64ba/fast' failed
make: *** [cmTC_b64ba/fast] Error 2


