Determining if the pthread_create exist failed with the following output:
Change Dir: /home/charris/introrobotics/turtlebot-gt-2018/src/harris_navigate_to_goal/cmake-build-debug/CMakeFiles/CMakeTmp

Run Build Command:"/usr/bin/make" "cmTC_ac24e/fast"
/usr/bin/make -f CMakeFiles/cmTC_ac24e.dir/build.make CMakeFiles/cmTC_ac24e.dir/build
make[1]: Entering directory '/home/charris/introrobotics/turtlebot-gt-2018/src/harris_navigate_to_goal/cmake-build-debug/CMakeFiles/CMakeTmp'
Building C object CMakeFiles/cmTC_ac24e.dir/CheckSymbolExists.c.o
/usr/bin/cc     -o CMakeFiles/cmTC_ac24e.dir/CheckSymbolExists.c.o   -c /home/charris/introrobotics/turtlebot-gt-2018/src/harris_navigate_to_goal/cmake-build-debug/CMakeFiles/CMakeTmp/CheckSymbolExists.c
Linking C executable cmTC_ac24e
/usr/bin/cmake -E cmake_link_script CMakeFiles/cmTC_ac24e.dir/link.txt --verbose=1
/usr/bin/cc       CMakeFiles/cmTC_ac24e.dir/CheckSymbolExists.c.o  -o cmTC_ac24e -rdynamic 
CMakeFiles/cmTC_ac24e.dir/CheckSymbolExists.c.o: In function `main':
CheckSymbolExists.c:(.text+0x16): undefined reference to `pthread_create'
collect2: error: ld returned 1 exit status
CMakeFiles/cmTC_ac24e.dir/build.make:97: recipe for target 'cmTC_ac24e' failed
make[1]: *** [cmTC_ac24e] Error 1
make[1]: Leaving directory '/home/charris/introrobotics/turtlebot-gt-2018/src/harris_navigate_to_goal/cmake-build-debug/CMakeFiles/CMakeTmp'
Makefile:126: recipe for target 'cmTC_ac24e/fast' failed
make: *** [cmTC_ac24e/fast] Error 2

File /home/charris/introrobotics/turtlebot-gt-2018/src/harris_navigate_to_goal/cmake-build-debug/CMakeFiles/CMakeTmp/CheckSymbolExists.c:
/* */
#include <pthread.h>

int main(int argc, char** argv)
{
  (void)argv;
#ifndef pthread_create
  return ((int*)(&pthread_create))[argc];
#else
  (void)argc;
  return 0;
#endif
}

Determining if the function pthread_create exists in the pthreads failed with the following output:
Change Dir: /home/charris/introrobotics/turtlebot-gt-2018/src/harris_navigate_to_goal/cmake-build-debug/CMakeFiles/CMakeTmp

Run Build Command:"/usr/bin/make" "cmTC_5304f/fast"
/usr/bin/make -f CMakeFiles/cmTC_5304f.dir/build.make CMakeFiles/cmTC_5304f.dir/build
make[1]: Entering directory '/home/charris/introrobotics/turtlebot-gt-2018/src/harris_navigate_to_goal/cmake-build-debug/CMakeFiles/CMakeTmp'
Building C object CMakeFiles/cmTC_5304f.dir/CheckFunctionExists.c.o
/usr/bin/cc    -DCHECK_FUNCTION_EXISTS=pthread_create   -o CMakeFiles/cmTC_5304f.dir/CheckFunctionExists.c.o   -c /usr/share/cmake-3.5/Modules/CheckFunctionExists.c
Linking C executable cmTC_5304f
/usr/bin/cmake -E cmake_link_script CMakeFiles/cmTC_5304f.dir/link.txt --verbose=1
/usr/bin/cc   -DCHECK_FUNCTION_EXISTS=pthread_create    CMakeFiles/cmTC_5304f.dir/CheckFunctionExists.c.o  -o cmTC_5304f -rdynamic -lpthreads 
/usr/bin/ld: cannot find -lpthreads
collect2: error: ld returned 1 exit status
CMakeFiles/cmTC_5304f.dir/build.make:97: recipe for target 'cmTC_5304f' failed
make[1]: *** [cmTC_5304f] Error 1
make[1]: Leaving directory '/home/charris/introrobotics/turtlebot-gt-2018/src/harris_navigate_to_goal/cmake-build-debug/CMakeFiles/CMakeTmp'
Makefile:126: recipe for target 'cmTC_5304f/fast' failed
make: *** [cmTC_5304f/fast] Error 2


